c:\users\aleix\onedrive\escritorio\uni\vj\castle of illusion\castle of illusion\castle of illusion\debug\vc140.pdb
c:\users\aleix\onedrive\escritorio\uni\vj\castle of illusion\castle of illusion\castle of illusion\debug\vc140.idb
c:\users\aleix\onedrive\escritorio\uni\vj\castle of illusion\castle of illusion\castle of illusion\debug\enemy.obj
c:\users\aleix\onedrive\escritorio\uni\vj\castle of illusion\castle of illusion\castle of illusion\debug\entity.obj
c:\users\aleix\onedrive\escritorio\uni\vj\castle of illusion\castle of illusion\castle of illusion\debug\game.obj
c:\users\aleix\onedrive\escritorio\uni\vj\castle of illusion\castle of illusion\castle of illusion\debug\main.obj
c:\users\aleix\onedrive\escritorio\uni\vj\castle of illusion\castle of illusion\castle of illusion\debug\barrel.obj
c:\users\aleix\onedrive\escritorio\uni\vj\castle of illusion\castle of illusion\castle of illusion\debug\player.obj
c:\users\aleix\onedrive\escritorio\uni\vj\castle of illusion\castle of illusion\castle of illusion\debug\scene.obj
c:\users\aleix\onedrive\escritorio\uni\vj\castle of illusion\castle of illusion\castle of illusion\debug\shader.obj
c:\users\aleix\onedrive\escritorio\uni\vj\castle of illusion\castle of illusion\castle of illusion\debug\shaderprogram.obj
c:\users\aleix\onedrive\escritorio\uni\vj\castle of illusion\castle of illusion\castle of illusion\debug\sprite.obj
c:\users\aleix\onedrive\escritorio\uni\vj\castle of illusion\castle of illusion\castle of illusion\debug\texture.obj
c:\users\aleix\onedrive\escritorio\uni\vj\castle of illusion\castle of illusion\castle of illusion\debug\tilemap.obj
c:\users\aleix\onedrive\escritorio\uni\vj\castle of illusion\castle of illusion\castle of illusion\debug\chest.obj
c:\users\aleix\onedrive\escritorio\uni\vj\castle of illusion\castle of illusion\castle of illusion\debug\consumable.obj
c:\users\aleix\onedrive\escritorio\uni\vj\castle of illusion\castle of illusion\castle of illusion\debug\background.obj
c:\users\aleix\onedrive\escritorio\uni\vj\castle of illusion\castle of illusion\castle of illusion\debug\gui.obj
c:\users\aleix\onedrive\escritorio\uni\vj\castle of illusion\castle of illusion\debug\castle of illusion.ilk
c:\users\aleix\onedrive\escritorio\uni\vj\castle of illusion\castle of illusion\debug\castle of illusion.exe
c:\users\aleix\onedrive\escritorio\uni\vj\castle of illusion\castle of illusion\debug\castle of illusion.pdb
c:\users\aleix\onedrive\escritorio\uni\vj\castle of illusion\castle of illusion\castle of illusion\debug\chest.obj.enc
c:\users\aleix\onedrive\escritorio\uni\vj\castle of illusion\castle of illusion\castle of illusion\debug\consumable.obj.enc
c:\users\aleix\onedrive\escritorio\uni\vj\castle of illusion\castle of illusion\castle of illusion\debug\enemy.obj.enc
c:\users\aleix\onedrive\escritorio\uni\vj\castle of illusion\castle of illusion\castle of illusion\debug\game.obj.enc
c:\users\aleix\onedrive\escritorio\uni\vj\castle of illusion\castle of illusion\castle of illusion\debug\main.obj.enc
c:\users\aleix\onedrive\escritorio\uni\vj\castle of illusion\castle of illusion\castle of illusion\debug\player.obj.enc
c:\users\aleix\onedrive\escritorio\uni\vj\castle of illusion\castle of illusion\castle of illusion\debug\scene.obj.enc
c:\users\aleix\onedrive\escritorio\uni\vj\castle of illusion\castle of illusion\castle of illusion\debug\castle o.10502b25.tlog\cl.command.1.tlog
c:\users\aleix\onedrive\escritorio\uni\vj\castle of illusion\castle of illusion\castle of illusion\debug\castle o.10502b25.tlog\cl.read.1.tlog
c:\users\aleix\onedrive\escritorio\uni\vj\castle of illusion\castle of illusion\castle of illusion\debug\castle o.10502b25.tlog\cl.write.1.tlog
c:\users\aleix\onedrive\escritorio\uni\vj\castle of illusion\castle of illusion\castle of illusion\debug\castle o.10502b25.tlog\link.command.1.tlog
c:\users\aleix\onedrive\escritorio\uni\vj\castle of illusion\castle of illusion\castle of illusion\debug\castle o.10502b25.tlog\link.read.1.tlog
c:\users\aleix\onedrive\escritorio\uni\vj\castle of illusion\castle of illusion\castle of illusion\debug\castle o.10502b25.tlog\link.write.1.tlog
