  Scene.cpp
c:\users\aleix\onedrive\escritorio\uni\vj\vj-2d\castle of illusion\scene.cpp(97): warning C4244: 'inicializando': conversión de 'int' a 'float'; posible pérdida de datos
c:\users\aleix\onedrive\escritorio\uni\vj\vj-2d\castle of illusion\scene.cpp(104): warning C4244: '=': conversión de 'int' a 'float'; posible pérdida de datos
c:\users\aleix\onedrive\escritorio\uni\vj\vj-2d\castle of illusion\scene.cpp(122): warning C4244: '=': conversión de 'int' a 'float'; posible pérdida de datos
c:\users\aleix\onedrive\escritorio\uni\vj\vj-2d\castle of illusion\scene.cpp(457): warning C4244: 'argumento': conversión de 'double' a 'int'; posible pérdida de datos
c:\users\aleix\onedrive\escritorio\uni\vj\vj-2d\castle of illusion\scene.cpp(607): warning C4018: '<': no coinciden signed/unsigned
c:\users\aleix\onedrive\escritorio\uni\vj\vj-2d\castle of illusion\scene.cpp(608): warning C4018: '<': no coinciden signed/unsigned
  Instructions.cpp
  Game.cpp
  GUI.cpp
c:\users\aleix\onedrive\escritorio\uni\vj\vj-2d\castle of illusion\gui.cpp(34): warning C4244: '=': conversión de 'const int' a 'float'; posible pérdida de datos
c:\users\aleix\onedrive\escritorio\uni\vj\vj-2d\castle of illusion\gui.cpp(35): warning C4244: '=': conversión de 'const int' a 'float'; posible pérdida de datos
  Boss.cpp
  Generando código...
  Omitiendo... (no se detectaron cambios relevantes)
  main.cpp
  Player.cpp
  Inicio.cpp
  Creditos.cpp
LINK : warning LNK4098: la biblioteca predeterminada'MSVCRT' entra en conflicto con otras bibliotecas; use la biblioteca /NODEFAULTLIB:biblioteca
SOIL.lib(image_DXT.obj) : warning LNK4099: no se encontr¾ PDB 'vc100.pdb' con 'SOIL.lib(image_DXT.obj)' o en 'C:\Users\aleix\OneDrive\Escritorio\Uni\VJ\VJ-2D\Debug\vc100.pdb'; se vincularß el objeto sin tener en cuenta informaci¾n de depuraci¾n
SOIL.lib(image_helper.obj) : warning LNK4099: no se encontr¾ PDB 'vc100.pdb' con 'SOIL.lib(image_helper.obj)' o en 'C:\Users\aleix\OneDrive\Escritorio\Uni\VJ\VJ-2D\Debug\vc100.pdb'; se vincularß el objeto sin tener en cuenta informaci¾n de depuraci¾n
SOIL.lib(SOIL.obj) : warning LNK4099: no se encontr¾ PDB 'vc100.pdb' con 'SOIL.lib(SOIL.obj)' o en 'C:\Users\aleix\OneDrive\Escritorio\Uni\VJ\VJ-2D\Debug\vc100.pdb'; se vincularß el objeto sin tener en cuenta informaci¾n de depuraci¾n
SOIL.lib(stb_image_aug.obj) : warning LNK4099: no se encontr¾ PDB 'vc100.pdb' con 'SOIL.lib(stb_image_aug.obj)' o en 'C:\Users\aleix\OneDrive\Escritorio\Uni\VJ\VJ-2D\Debug\vc100.pdb'; se vincularß el objeto sin tener en cuenta informaci¾n de depuraci¾n
  Castle Of Illusion.vcxproj -> C:\Users\aleix\OneDrive\Escritorio\Uni\VJ\VJ-2D\Debug\Castle Of Illusion.exe
  Castle Of Illusion.vcxproj -> C:\Users\aleix\OneDrive\Escritorio\Uni\VJ\VJ-2D\Debug\Castle Of Illusion.pdb (Partial PDB)
