  Background.cpp
c:\users\aleix\onedrive\escritorio\uni\vj\vj-2d\castle of illusion\Sprite.h(6): fatal error C1083: No se puede abrir el archivo incluir: 'glm/glm.hpp': No such file or directory
  Boss.cpp
c:\users\aleix\onedrive\escritorio\uni\vj\vj-2d\castle of illusion\Sprite.h(6): fatal error C1083: No se puede abrir el archivo incluir: 'glm/glm.hpp': No such file or directory
  Chest.cpp
c:\users\aleix\onedrive\escritorio\uni\vj\vj-2d\castle of illusion\Sprite.h(6): fatal error C1083: No se puede abrir el archivo incluir: 'glm/glm.hpp': No such file or directory
  Consumable.cpp
c:\users\aleix\onedrive\escritorio\uni\vj\vj-2d\castle of illusion\Sprite.h(6): fatal error C1083: No se puede abrir el archivo incluir: 'glm/glm.hpp': No such file or directory
  Creditos.cpp
c:\users\aleix\onedrive\escritorio\uni\vj\vj-2d\castle of illusion\Creditos.h(4): fatal error C1083: No se puede abrir el archivo incluir: 'glm/glm.hpp': No such file or directory
  Enemy.cpp
c:\users\aleix\onedrive\escritorio\uni\vj\vj-2d\castle of illusion\Sprite.h(6): fatal error C1083: No se puede abrir el archivo incluir: 'glm/glm.hpp': No such file or directory
  Entity.cpp
c:\users\aleix\onedrive\escritorio\uni\vj\vj-2d\castle of illusion\Sprite.h(6): fatal error C1083: No se puede abrir el archivo incluir: 'glm/glm.hpp': No such file or directory
  Flor.cpp
c:\users\aleix\onedrive\escritorio\uni\vj\vj-2d\castle of illusion\Sprite.h(6): fatal error C1083: No se puede abrir el archivo incluir: 'glm/glm.hpp': No such file or directory
  Game.cpp
Game.cpp(1): fatal error C1083: No se puede abrir el archivo incluir: 'GL/glew.h': No such file or directory
  GUI.cpp
c:\users\aleix\onedrive\escritorio\uni\vj\vj-2d\castle of illusion\GUI.h(3): fatal error C1083: No se puede abrir el archivo incluir: 'GL/glew.h': No such file or directory
  Inicio.cpp
c:\users\aleix\onedrive\escritorio\uni\vj\vj-2d\castle of illusion\Inicio.h(4): fatal error C1083: No se puede abrir el archivo incluir: 'glm/glm.hpp': No such file or directory
  Instructions.cpp
c:\users\aleix\onedrive\escritorio\uni\vj\vj-2d\castle of illusion\Instructions.h(4): fatal error C1083: No se puede abrir el archivo incluir: 'glm/glm.hpp': No such file or directory
  main.cpp
main.cpp(1): fatal error C1083: No se puede abrir el archivo incluir: 'GL/glew.h': No such file or directory
  Barrel.cpp
c:\users\aleix\onedrive\escritorio\uni\vj\vj-2d\castle of illusion\Sprite.h(6): fatal error C1083: No se puede abrir el archivo incluir: 'glm/glm.hpp': No such file or directory
  Player.cpp
Player.cpp(3): fatal error C1083: No se puede abrir el archivo incluir: 'GL/glew.h': No such file or directory
  Projectile.cpp
c:\users\aleix\onedrive\escritorio\uni\vj\vj-2d\castle of illusion\Sprite.h(6): fatal error C1083: No se puede abrir el archivo incluir: 'glm/glm.hpp': No such file or directory
  Scene.cpp
Scene.cpp(3): fatal error C1083: No se puede abrir el archivo incluir: 'glm/gtc/matrix_transform.hpp': No such file or directory
  Shader.cpp
c:\users\aleix\onedrive\escritorio\uni\vj\vj-2d\castle of illusion\Shader.h(6): fatal error C1083: No se puede abrir el archivo incluir: 'GL/glew.h': No such file or directory
  ShaderProgram.cpp
ShaderProgram.cpp(1): fatal error C1083: No se puede abrir el archivo incluir: 'glm/gtc/type_ptr.hpp': No such file or directory
  Sprite.cpp
Sprite.cpp(1): fatal error C1083: No se puede abrir el archivo incluir: 'GL/glew.h': No such file or directory
  Compilando...
  Texture.cpp
Texture.cpp(1): fatal error C1083: No se puede abrir el archivo incluir: 'SOIL.h': No such file or directory
  TileMap.cpp
c:\users\aleix\onedrive\escritorio\uni\vj\vj-2d\castle of illusion\TileMap.h(5): fatal error C1083: No se puede abrir el archivo incluir: 'glm/glm.hpp': No such file or directory
